Simulation time 917.5: Vehicle 394 (on route 1 of
  routing decision 1) after 60.0 seconds of waiting for lane change
  removed from link 3 at position 602.0.
Simulation time 1145.7: Vehicle 505 (on route 2 of
  routing decision 1) after 60.0 seconds of waiting for lane change
  removed from link 3 at position 612.0.
Simulation time 1259.8: Vehicle 566 (on route 2 of
  routing decision 1) after 60.0 seconds of waiting for lane change
  removed from link 3 at position 614.0.
Simulation time 1263.7: Vehicle 547 (on route 1 of
  routing decision 1) after 60.0 seconds of waiting for lane change
  removed from link 3 at position 609.0.
Simulation time 1388.1: Vehicle 624 (on route 1 of
  routing decision 1) after 60.0 seconds of waiting for lane change
  removed from link 3 at position 612.0.
Simulation time 1393.3: Vehicle 629 (on route 1 of
  routing decision 1) after 60.0 seconds of waiting for lane change
  removed from link 3 at position 602.0.
Simulation time 1505.2: Vehicle 685 (on route 2 of
  routing decision 1) after 60.0 seconds of waiting for lane change
  removed from link 3 at position 614.0.
Simulation time 1515.9: Vehicle 687 (on route 2 of
  routing decision 1) after 60.0 seconds of waiting for lane change
  removed from link 3 at position 612.0.
Simulation time 1580.7: Vehicle 691 (on route 2 of
  routing decision 1) after 60.0 seconds of waiting for lane change
  removed from link 3 at position 612.0.
Simulation time 1745.6: Vehicle 804 (on route 3 of
  routing decision 1) after 60.0 seconds of waiting for lane change
  removed from link 3 at position 604.0.
Simulation time 1752.4: Vehicle 807 (on route 2 of
  routing decision 1) after 60.0 seconds of waiting for lane change
  removed from link 3 at position 612.0.
Simulation time 1855.4: Vehicle 841 (on route 1 of
  routing decision 1) after 60.0 seconds of waiting for lane change
  removed from link 3 at position 611.0.
Simulation time 1863.4: Vehicle 842 (on route 2 of
  routing decision 1) after 60.0 seconds of waiting for lane change
  removed from link 3 at position 614.0.
Simulation time 1893: Vehicle 851 (on route 1 from
  routing decision 1) reached the end of link 3
  while searching for the next link (10001) of the route.
Simulation time 2101.6: Vehicle 922 (on route 1 of
  routing decision 1) after 60.0 seconds of waiting for lane change
  removed from link 3 at position 609.0.
Simulation time 2228.9: Vehicle 985 (on route 1 of
  routing decision 1) after 60.0 seconds of waiting for lane change
  removed from link 3 at position 609.0.
Simulation time 2266.1: Vehicle 1016 (on route 2 of
  routing decision 1) after 60.0 seconds of waiting for lane change
  removed from link 3 at position 612.0.
Simulation time 2459.9: Vehicle 1079 (on route 2 of
  routing decision 1) after 60.0 seconds of waiting for lane change
  removed from link 3 at position 612.0.
Simulation time 2569.9: Vehicle 1139 (on route 2 of
  routing decision 1) after 60.0 seconds of waiting for lane change
  removed from link 3 at position 614.0.
Simulation time 2587.7: Vehicle 1134 (on route 1 of
  routing decision 1) after 60.0 seconds of waiting for lane change
  removed from link 3 at position 602.0.
Simulation time 2686.7: Vehicle 1146 (on route 1 of
  routing decision 1) after 60.0 seconds of waiting for lane change
  removed from link 3 at position 602.0.
Simulation time 2716.1: Vehicle 1186 (on route 2 of
  routing decision 1) after 60.0 seconds of waiting for lane change
  removed from link 3 at position 614.0.
